<?xml version="1.0" encoding="UTF-8"?>
<!-- Generated by org.testng.reporters.JUnitReportReporter -->
<testsuite hostname="DESKTOP-E6IJTL9" failures="0" tests="1" name="com.Demoblaze.testLayer.DemoblazeTest" time="28.545" errors="0" timestamp="2023-10-16T18:04:31 IST" skipped="0">
  <testcase classname="com.Demoblaze.testLayer.DemoblazeTest" name="HomePageFun" time="28.545"/>
</testsuite> <!-- com.Demoblaze.testLayer.DemoblazeTest -->
